This file contains any messages produced by compilers while
running configure, to aid debugging if configure makes a mistake.

It was created by arc-theme configure 20161119, which was
generated by GNU Autoconf 2.69.  Invocation command line was

  $ ./configure --prefix=/usr

## --------- ##
## Platform. ##
## --------- ##

hostname = pringled-pc
uname -m = x86_64
uname -r = 4.10.10-1-ARCH
uname -s = Linux
uname -v = #1 SMP PREEMPT Wed Apr 12 18:50:28 CEST 2017

/usr/bin/uname -p = unknown
/bin/uname -X     = unknown

/bin/arch              = unknown
/usr/bin/arch -k       = unknown
/usr/convex/getsysinfo = unknown
/usr/bin/hostinfo      = unknown
/bin/machine           = unknown
/usr/bin/oslevel       = unknown
/bin/universe          = unknown

PATH: /usr/local/sbin
PATH: /usr/local/bin
PATH: /usr/bin
PATH: /usr/lib/jvm/default/bin
PATH: /usr/bin/site_perl
PATH: /usr/bin/vendor_perl
PATH: /usr/bin/core_perl


## ----------- ##
## Core tests. ##
## ----------- ##

configure:1833: checking for a BSD-compatible install
configure:1901: result: /usr/bin/install -c
configure:1912: checking whether build environment is sane
configure:1967: result: yes
configure:2118: checking for a thread-safe mkdir -p
configure:2157: result: /usr/bin/mkdir -p
configure:2164: checking for gawk
configure:2180: found /usr/bin/gawk
configure:2191: result: gawk
configure:2202: checking whether make sets $(MAKE)
configure:2224: result: yes
configure:2253: checking whether make supports nested variables
configure:2270: result: yes
configure:2720: checking for pkg-config
configure:2738: found /usr/bin/pkg-config
configure:2750: result: /usr/bin/pkg-config
configure:2775: checking pkg-config is at least version 0.9.0
configure:2778: result: yes
configure:2792: $PKG_CONFIG --exists --print-errors "gtk+-3.0"
configure:2795: $? = 0
configure:2823: result: Building for GNOME 3.22
configure:2976: checking that generated files are newer than configure
configure:2982: result: done
configure:3034: creating ./config.status

## ---------------------- ##
## Running config.status. ##
## ---------------------- ##

This file was extended by arc-theme config.status 20161119, which was
generated by GNU Autoconf 2.69.  Invocation command line was

  CONFIG_FILES    = 
  CONFIG_HEADERS  = 
  CONFIG_LINKS    = 
  CONFIG_COMMANDS = 
  $ ./config.status 

on pringled-pc

config.status:783: creating common/Makefile
config.status:783: creating extra/Makefile
config.status:783: creating Makefile

## ---------------- ##
## Cache variables. ##
## ---------------- ##

ac_cv_env_PKG_CONFIG_LIBDIR_set=
ac_cv_env_PKG_CONFIG_LIBDIR_value=
ac_cv_env_PKG_CONFIG_PATH_set=
ac_cv_env_PKG_CONFIG_PATH_value=
ac_cv_env_PKG_CONFIG_set=
ac_cv_env_PKG_CONFIG_value=
ac_cv_env_build_alias_set=
ac_cv_env_build_alias_value=
ac_cv_env_host_alias_set=
ac_cv_env_host_alias_value=
ac_cv_env_target_alias_set=
ac_cv_env_target_alias_value=
ac_cv_path_ac_pt_PKG_CONFIG=/usr/bin/pkg-config
ac_cv_path_install='/usr/bin/install -c'
ac_cv_path_mkdir=/usr/bin/mkdir
ac_cv_prog_AWK=gawk
ac_cv_prog_make_make_set=yes
am_cv_make_support_nested_variables=yes

## ----------------- ##
## Output variables. ##
## ----------------- ##

ACLOCAL='${SHELL} /home/pringled/.themes/arc-theme/build-aux/missing aclocal-1.15'
AMTAR='$${TAR-tar}'
AM_BACKSLASH='\'
AM_DEFAULT_V='$(AM_DEFAULT_VERBOSITY)'
AM_DEFAULT_VERBOSITY='1'
AM_V='$(V)'
AUTOCONF='${SHELL} /home/pringled/.themes/arc-theme/build-aux/missing autoconf'
AUTOHEADER='${SHELL} /home/pringled/.themes/arc-theme/build-aux/missing autoheader'
AUTOMAKE='${SHELL} /home/pringled/.themes/arc-theme/build-aux/missing automake-1.15'
AWK='gawk'
CYGPATH_W='echo'
DEFS='-DPACKAGE_NAME=\"arc-theme\" -DPACKAGE_TARNAME=\"arc-theme\" -DPACKAGE_VERSION=\"20161119\" -DPACKAGE_STRING=\"arc-theme\ 20161119\" -DPACKAGE_BUGREPORT=\"https://github.com/horst3180/Arc-theme/issues\" -DPACKAGE_URL=\"https://github.com/horst3180/Arc-theme\" -DPACKAGE=\"arc-theme\" -DVERSION=\"20161119\"'
ECHO_C=''
ECHO_N='-n'
ECHO_T=''
ENABLE_CINNAMON='yes'
ENABLE_CINNAMON_FALSE='#'
ENABLE_CINNAMON_TRUE=''
ENABLE_DARK='yes'
ENABLE_DARKER='yes'
ENABLE_DARKER_FALSE='#'
ENABLE_DARKER_TRUE=''
ENABLE_DARK_FALSE='#'
ENABLE_DARK_TRUE=''
ENABLE_GNOME_SHELL='yes'
ENABLE_GNOME_SHELL_FALSE='#'
ENABLE_GNOME_SHELL_TRUE=''
ENABLE_GTK2='yes'
ENABLE_GTK2_FALSE='#'
ENABLE_GTK2_TRUE=''
ENABLE_GTK3='yes'
ENABLE_GTK3_FALSE='#'
ENABLE_GTK3_TRUE=''
ENABLE_LIGHT='yes'
ENABLE_LIGHT_FALSE='#'
ENABLE_LIGHT_TRUE=''
ENABLE_METACITY='yes'
ENABLE_METACITY_FALSE='#'
ENABLE_METACITY_TRUE=''
ENABLE_TRANSPARENCY='yes'
ENABLE_TRANSPARENCY_FALSE='#'
ENABLE_TRANSPARENCY_TRUE=''
ENABLE_UNITY='yes'
ENABLE_UNITY_FALSE='#'
ENABLE_UNITY_TRUE=''
ENABLE_XFWM='yes'
ENABLE_XFWM_FALSE='#'
ENABLE_XFWM_TRUE=''
GNOME_VERSION='3.22'
INSTALL_DATA='${INSTALL} -m 644'
INSTALL_PROGRAM='${INSTALL}'
INSTALL_SCRIPT='${INSTALL}'
INSTALL_STRIP_PROGRAM='$(install_sh) -c -s'
LIBOBJS=''
LIBS=''
LTLIBOBJS=''
MAKEINFO='${SHELL} /home/pringled/.themes/arc-theme/build-aux/missing makeinfo'
MKDIR_P='/usr/bin/mkdir -p'
PACKAGE='arc-theme'
PACKAGE_BUGREPORT='https://github.com/horst3180/Arc-theme/issues'
PACKAGE_NAME='arc-theme'
PACKAGE_STRING='arc-theme 20161119'
PACKAGE_TARNAME='arc-theme'
PACKAGE_URL='https://github.com/horst3180/Arc-theme'
PACKAGE_VERSION='20161119'
PATH_SEPARATOR=':'
PKG_CONFIG='/usr/bin/pkg-config'
PKG_CONFIG_LIBDIR=''
PKG_CONFIG_PATH=''
SET_MAKE=''
SHELL='/bin/sh'
STRIP=''
VERSION='20161119'
am__isrc=''
am__leading_dot='.'
am__tar='$${TAR-tar} chof - "$$tardir"'
am__untar='$${TAR-tar} xf -'
bindir='${exec_prefix}/bin'
build_alias=''
datadir='${datarootdir}'
datarootdir='${prefix}/share'
docdir='${datarootdir}/doc/${PACKAGE_TARNAME}'
dvidir='${docdir}'
exec_prefix='${prefix}'
host_alias=''
htmldir='${docdir}'
includedir='${prefix}/include'
infodir='${datarootdir}/info'
install_sh='${SHELL} /home/pringled/.themes/arc-theme/build-aux/install-sh'
libdir='${exec_prefix}/lib'
libexecdir='${exec_prefix}/libexec'
localedir='${datarootdir}/locale'
localstatedir='${prefix}/var'
mandir='${datarootdir}/man'
mkdir_p='$(MKDIR_P)'
oldincludedir='/usr/include'
pdfdir='${docdir}'
prefix='/usr'
program_transform_name='s,x,x,'
psdir='${docdir}'
sbindir='${exec_prefix}/sbin'
sharedstatedir='${prefix}/com'
sysconfdir='${prefix}/etc'
target_alias=''

## ----------- ##
## confdefs.h. ##
## ----------- ##

/* confdefs.h */
#define PACKAGE_NAME "arc-theme"
#define PACKAGE_TARNAME "arc-theme"
#define PACKAGE_VERSION "20161119"
#define PACKAGE_STRING "arc-theme 20161119"
#define PACKAGE_BUGREPORT "https://github.com/horst3180/Arc-theme/issues"
#define PACKAGE_URL "https://github.com/horst3180/Arc-theme"
#define PACKAGE "arc-theme"
#define VERSION "20161119"

configure: exit 0
